<?xml version="1.0" encoding="UTF-8"?>
<testsuite
  name="test_package.lint_cmake"
  tests="90"
  errors="0"
  failures="81"
  time="0.024"
>
  <testcase
    name="CMakeLists.txt"
    classname="test_package.lint_cmake"/>
  <testcase
    name="build/test_package/CTestCustom.cmake"
    classname="test_package.lint_cmake"/>
  <testcase
    name="whitespace/eol (build/test_package/CTestTestfile.cmake:1)"
    classname="test_package.lint_cmake"
  >
      <failure message="Line ends in whitespace"/>
  </testcase>
  <testcase
    name="whitespace/eol (build/test_package/CTestTestfile.cmake:4)"
    classname="test_package.lint_cmake"
  >
      <failure message="Line ends in whitespace"/>
  </testcase>
  <testcase
    name="whitespace/eol (build/test_package/CTestTestfile.cmake:5)"
    classname="test_package.lint_cmake"
  >
      <failure message="Line ends in whitespace"/>
  </testcase>
  <testcase
    name="linelength (build/test_package/CTestTestfile.cmake:7)"
    classname="test_package.lint_cmake"
  >
      <failure message="Lines should be &lt;= 140 characters long"/>
  </testcase>
  <testcase
    name="linelength (build/test_package/CTestTestfile.cmake:8)"
    classname="test_package.lint_cmake"
  >
      <failure message="Lines should be &lt;= 140 characters long"/>
  </testcase>
  <testcase
    name="linelength (build/test_package/CTestTestfile.cmake:9)"
    classname="test_package.lint_cmake"
  >
      <failure message="Lines should be &lt;= 140 characters long"/>
  </testcase>
  <testcase
    name="linelength (build/test_package/CTestTestfile.cmake:10)"
    classname="test_package.lint_cmake"
  >
      <failure message="Lines should be &lt;= 140 characters long"/>
  </testcase>
  <testcase
    name="linelength (build/test_package/CTestTestfile.cmake:11)"
    classname="test_package.lint_cmake"
  >
      <failure message="Lines should be &lt;= 140 characters long"/>
  </testcase>
  <testcase
    name="linelength (build/test_package/CTestTestfile.cmake:12)"
    classname="test_package.lint_cmake"
  >
      <failure message="Lines should be &lt;= 140 characters long"/>
  </testcase>
  <testcase
    name="linelength (build/test_package/CTestTestfile.cmake:13)"
    classname="test_package.lint_cmake"
  >
      <failure message="Lines should be &lt;= 140 characters long"/>
  </testcase>
  <testcase
    name="linelength (build/test_package/CTestTestfile.cmake:14)"
    classname="test_package.lint_cmake"
  >
      <failure message="Lines should be &lt;= 140 characters long"/>
  </testcase>
  <testcase
    name="whitespace/indent (build/test_package/cmake_install.cmake:13)"
    classname="test_package.lint_cmake"
  >
      <failure message="Weird indentation; use 2 spaces"/>
  </testcase>
  <testcase
    name="linelength (build/test_package/cmake_install.cmake:46)"
    classname="test_package.lint_cmake"
  >
      <failure message="Lines should be &lt;= 140 characters long"/>
  </testcase>
  <testcase
    name="whitespace/indent (build/test_package/cmake_install.cmake:56)"
    classname="test_package.lint_cmake"
  >
      <failure message="Weird indentation; use 2 spaces"/>
  </testcase>
  <testcase
    name="whitespace/indent (build/test_package/cmake_install.cmake:58)"
    classname="test_package.lint_cmake"
  >
      <failure message="Weird indentation; use 2 spaces"/>
  </testcase>
  <testcase
    name="build/test_package/CMakeFiles/CMakeDirectoryInformation.cmake"
    classname="test_package.lint_cmake"/>
  <testcase
    name="whitespace/mismatch (build/test_package/CMakeFiles/Makefile.cmake:8)"
    classname="test_package.lint_cmake"
  >
      <failure message="Mismatching spaces inside () after command"/>
  </testcase>
  <testcase
    name="whitespace/mismatch (build/test_package/CMakeFiles/Makefile.cmake:267)"
    classname="test_package.lint_cmake"
  >
      <failure message="Mismatching spaces inside () after command"/>
  </testcase>
  <testcase
    name="whitespace/mismatch (build/test_package/CMakeFiles/Makefile.cmake:273)"
    classname="test_package.lint_cmake"
  >
      <failure message="Mismatching spaces inside () after command"/>
  </testcase>
  <testcase
    name="whitespace/mismatch (build/test_package/CMakeFiles/Makefile.cmake:302)"
    classname="test_package.lint_cmake"
  >
      <failure message="Mismatching spaces inside () after command"/>
  </testcase>
  <testcase
    name="linelength (build/test_package/CMakeFiles/3.22.1/CMakeCCompiler.cmake:9)"
    classname="test_package.lint_cmake"
  >
      <failure message="Lines should be &lt;= 140 characters long"/>
  </testcase>
  <testcase
    name="linelength (build/test_package/CMakeFiles/3.22.1/CMakeCCompiler.cmake:69)"
    classname="test_package.lint_cmake"
  >
      <failure message="Lines should be &lt;= 140 characters long"/>
  </testcase>
  <testcase
    name="linelength (build/test_package/CMakeFiles/3.22.1/CMakeCXXCompiler.cmake:9)"
    classname="test_package.lint_cmake"
  >
      <failure message="Lines should be &lt;= 140 characters long"/>
  </testcase>
  <testcase
    name="linelength (build/test_package/CMakeFiles/3.22.1/CMakeCXXCompiler.cmake:11)"
    classname="test_package.lint_cmake"
  >
      <failure message="Lines should be &lt;= 140 characters long"/>
  </testcase>
  <testcase
    name="linelength (build/test_package/CMakeFiles/3.22.1/CMakeCXXCompiler.cmake:12)"
    classname="test_package.lint_cmake"
  >
      <failure message="Lines should be &lt;= 140 characters long"/>
  </testcase>
  <testcase
    name="whitespace/extra (build/test_package/CMakeFiles/3.22.1/CMakeCXXCompiler.cmake:42)"
    classname="test_package.lint_cmake"
  >
      <failure message="Extra spaces between 'foreach' and its ()"/>
  </testcase>
  <testcase
    name="whitespace/extra (build/test_package/CMakeFiles/3.22.1/CMakeCXXCompiler.cmake:43)"
    classname="test_package.lint_cmake"
  >
      <failure message="Extra spaces between 'if' and its ()"/>
  </testcase>
  <testcase
    name="linelength (build/test_package/CMakeFiles/3.22.1/CMakeCXXCompiler.cmake:80)"
    classname="test_package.lint_cmake"
  >
      <failure message="Lines should be &lt;= 140 characters long"/>
  </testcase>
  <testcase
    name="build/test_package/CMakeFiles/3.22.1/CMakeSystem.cmake"
    classname="test_package.lint_cmake"/>
  <testcase
    name="whitespace/mismatch (build/test_package/CMakeFiles/test_package_uninstall.dir/DependInfo.cmake:6)"
    classname="test_package.lint_cmake"
  >
      <failure message="Mismatching spaces inside () after command"/>
  </testcase>
  <testcase
    name="whitespace/mismatch (build/test_package/CMakeFiles/test_package_uninstall.dir/DependInfo.cmake:10)"
    classname="test_package.lint_cmake"
  >
      <failure message="Mismatching spaces inside () after command"/>
  </testcase>
  <testcase
    name="whitespace/mismatch (build/test_package/CMakeFiles/test_package_uninstall.dir/DependInfo.cmake:14)"
    classname="test_package.lint_cmake"
  >
      <failure message="Mismatching spaces inside () after command"/>
  </testcase>
  <testcase
    name="whitespace/mismatch (build/test_package/CMakeFiles/test_package_uninstall.dir/cmake_clean.cmake:6)"
    classname="test_package.lint_cmake"
  >
      <failure message="Mismatching spaces inside () after command"/>
  </testcase>
  <testcase
    name="whitespace/mismatch (build/test_package/CMakeFiles/uninstall.dir/DependInfo.cmake:6)"
    classname="test_package.lint_cmake"
  >
      <failure message="Mismatching spaces inside () after command"/>
  </testcase>
  <testcase
    name="whitespace/mismatch (build/test_package/CMakeFiles/uninstall.dir/DependInfo.cmake:10)"
    classname="test_package.lint_cmake"
  >
      <failure message="Mismatching spaces inside () after command"/>
  </testcase>
  <testcase
    name="whitespace/mismatch (build/test_package/CMakeFiles/uninstall.dir/DependInfo.cmake:14)"
    classname="test_package.lint_cmake"
  >
      <failure message="Mismatching spaces inside () after command"/>
  </testcase>
  <testcase
    name="whitespace/mismatch (build/test_package/CMakeFiles/uninstall.dir/cmake_clean.cmake:3)"
    classname="test_package.lint_cmake"
  >
      <failure message="Mismatching spaces inside () after command"/>
  </testcase>
  <testcase
    name="whitespace/mismatch (build/test_package/ament_cmake_core/package.cmake:4)"
    classname="test_package.lint_cmake"
  >
      <failure message="Mismatching spaces inside () after command"/>
  </testcase>
  <testcase
    name="whitespace/mismatch (build/test_package/ament_cmake_core/package.cmake:6)"
    classname="test_package.lint_cmake"
  >
      <failure message="Mismatching spaces inside () after command"/>
  </testcase>
  <testcase
    name="whitespace/mismatch (build/test_package/ament_cmake_core/package.cmake:7)"
    classname="test_package.lint_cmake"
  >
      <failure message="Mismatching spaces inside () after command"/>
  </testcase>
  <testcase
    name="whitespace/mismatch (build/test_package/ament_cmake_core/package.cmake:8)"
    classname="test_package.lint_cmake"
  >
      <failure message="Mismatching spaces inside () after command"/>
  </testcase>
  <testcase
    name="whitespace/mismatch (build/test_package/ament_cmake_core/package.cmake:10)"
    classname="test_package.lint_cmake"
  >
      <failure message="Mismatching spaces inside () after command"/>
  </testcase>
  <testcase
    name="whitespace/mismatch (build/test_package/ament_cmake_core/package.cmake:11)"
    classname="test_package.lint_cmake"
  >
      <failure message="Mismatching spaces inside () after command"/>
  </testcase>
  <testcase
    name="build/test_package/ament_cmake_core/test_packageConfig-version.cmake"
    classname="test_package.lint_cmake"/>
  <testcase
    name="build/test_package/ament_cmake_core/test_packageConfig.cmake"
    classname="test_package.lint_cmake"/>
  <testcase
    name="linelength (build/test_package/ament_cmake_package_templates/templates.cmake:1)"
    classname="test_package.lint_cmake"
  >
      <failure message="Lines should be &lt;= 140 characters long"/>
  </testcase>
  <testcase
    name="linelength (build/test_package/ament_cmake_package_templates/templates.cmake:2)"
    classname="test_package.lint_cmake"
  >
      <failure message="Lines should be &lt;= 140 characters long"/>
  </testcase>
  <testcase
    name="linelength (build/test_package/ament_cmake_package_templates/templates.cmake:4)"
    classname="test_package.lint_cmake"
  >
      <failure message="Lines should be &lt;= 140 characters long"/>
  </testcase>
  <testcase
    name="linelength (build/test_package/ament_cmake_package_templates/templates.cmake:5)"
    classname="test_package.lint_cmake"
  >
      <failure message="Lines should be &lt;= 140 characters long"/>
  </testcase>
  <testcase
    name="linelength (build/test_package/ament_cmake_package_templates/templates.cmake:6)"
    classname="test_package.lint_cmake"
  >
      <failure message="Lines should be &lt;= 140 characters long"/>
  </testcase>
  <testcase
    name="linelength (build/test_package/ament_cmake_package_templates/templates.cmake:8)"
    classname="test_package.lint_cmake"
  >
      <failure message="Lines should be &lt;= 140 characters long"/>
  </testcase>
  <testcase
    name="linelength (build/test_package/ament_cmake_package_templates/templates.cmake:9)"
    classname="test_package.lint_cmake"
  >
      <failure message="Lines should be &lt;= 140 characters long"/>
  </testcase>
  <testcase
    name="linelength (build/test_package/ament_cmake_package_templates/templates.cmake:10)"
    classname="test_package.lint_cmake"
  >
      <failure message="Lines should be &lt;= 140 characters long"/>
  </testcase>
  <testcase
    name="linelength (build/test_package/ament_cmake_package_templates/templates.cmake:11)"
    classname="test_package.lint_cmake"
  >
      <failure message="Lines should be &lt;= 140 characters long"/>
  </testcase>
  <testcase
    name="linelength (build/test_package/ament_cmake_package_templates/templates.cmake:12)"
    classname="test_package.lint_cmake"
  >
      <failure message="Lines should be &lt;= 140 characters long"/>
  </testcase>
  <testcase
    name="linelength (build/test_package/ament_cmake_package_templates/templates.cmake:13)"
    classname="test_package.lint_cmake"
  >
      <failure message="Lines should be &lt;= 140 characters long"/>
  </testcase>
  <testcase
    name="linelength (build/test_package/ament_cmake_package_templates/templates.cmake:14)"
    classname="test_package.lint_cmake"
  >
      <failure message="Lines should be &lt;= 140 characters long"/>
  </testcase>
  <testcase
    name="linelength (build/test_package/ament_cmake_symlink_install/ament_cmake_symlink_install.cmake:313)"
    classname="test_package.lint_cmake"
  >
      <failure message="Lines should be &lt;= 140 characters long"/>
  </testcase>
  <testcase
    name="linelength (build/test_package/ament_cmake_symlink_install/ament_cmake_symlink_install.cmake:314)"
    classname="test_package.lint_cmake"
  >
      <failure message="Lines should be &lt;= 140 characters long"/>
  </testcase>
  <testcase
    name="linelength (build/test_package/ament_cmake_symlink_install/ament_cmake_symlink_install.cmake:316)"
    classname="test_package.lint_cmake"
  >
      <failure message="Lines should be &lt;= 140 characters long"/>
  </testcase>
  <testcase
    name="linelength (build/test_package/ament_cmake_symlink_install/ament_cmake_symlink_install.cmake:317)"
    classname="test_package.lint_cmake"
  >
      <failure message="Lines should be &lt;= 140 characters long"/>
  </testcase>
  <testcase
    name="linelength (build/test_package/ament_cmake_symlink_install/ament_cmake_symlink_install.cmake:319)"
    classname="test_package.lint_cmake"
  >
      <failure message="Lines should be &lt;= 140 characters long"/>
  </testcase>
  <testcase
    name="linelength (build/test_package/ament_cmake_symlink_install/ament_cmake_symlink_install.cmake:320)"
    classname="test_package.lint_cmake"
  >
      <failure message="Lines should be &lt;= 140 characters long"/>
  </testcase>
  <testcase
    name="linelength (build/test_package/ament_cmake_symlink_install/ament_cmake_symlink_install.cmake:322)"
    classname="test_package.lint_cmake"
  >
      <failure message="Lines should be &lt;= 140 characters long"/>
  </testcase>
  <testcase
    name="linelength (build/test_package/ament_cmake_symlink_install/ament_cmake_symlink_install.cmake:323)"
    classname="test_package.lint_cmake"
  >
      <failure message="Lines should be &lt;= 140 characters long"/>
  </testcase>
  <testcase
    name="linelength (build/test_package/ament_cmake_symlink_install/ament_cmake_symlink_install.cmake:325)"
    classname="test_package.lint_cmake"
  >
      <failure message="Lines should be &lt;= 140 characters long"/>
  </testcase>
  <testcase
    name="linelength (build/test_package/ament_cmake_symlink_install/ament_cmake_symlink_install.cmake:326)"
    classname="test_package.lint_cmake"
  >
      <failure message="Lines should be &lt;= 140 characters long"/>
  </testcase>
  <testcase
    name="linelength (build/test_package/ament_cmake_symlink_install/ament_cmake_symlink_install.cmake:328)"
    classname="test_package.lint_cmake"
  >
      <failure message="Lines should be &lt;= 140 characters long"/>
  </testcase>
  <testcase
    name="linelength (build/test_package/ament_cmake_symlink_install/ament_cmake_symlink_install.cmake:329)"
    classname="test_package.lint_cmake"
  >
      <failure message="Lines should be &lt;= 140 characters long"/>
  </testcase>
  <testcase
    name="linelength (build/test_package/ament_cmake_symlink_install/ament_cmake_symlink_install.cmake:331)"
    classname="test_package.lint_cmake"
  >
      <failure message="Lines should be &lt;= 140 characters long"/>
  </testcase>
  <testcase
    name="linelength (build/test_package/ament_cmake_symlink_install/ament_cmake_symlink_install.cmake:332)"
    classname="test_package.lint_cmake"
  >
      <failure message="Lines should be &lt;= 140 characters long"/>
  </testcase>
  <testcase
    name="linelength (build/test_package/ament_cmake_symlink_install/ament_cmake_symlink_install.cmake:334)"
    classname="test_package.lint_cmake"
  >
      <failure message="Lines should be &lt;= 140 characters long"/>
  </testcase>
  <testcase
    name="linelength (build/test_package/ament_cmake_symlink_install/ament_cmake_symlink_install.cmake:335)"
    classname="test_package.lint_cmake"
  >
      <failure message="Lines should be &lt;= 140 characters long"/>
  </testcase>
  <testcase
    name="linelength (build/test_package/ament_cmake_symlink_install/ament_cmake_symlink_install.cmake:337)"
    classname="test_package.lint_cmake"
  >
      <failure message="Lines should be &lt;= 140 characters long"/>
  </testcase>
  <testcase
    name="linelength (build/test_package/ament_cmake_symlink_install/ament_cmake_symlink_install.cmake:338)"
    classname="test_package.lint_cmake"
  >
      <failure message="Lines should be &lt;= 140 characters long"/>
  </testcase>
  <testcase
    name="linelength (build/test_package/ament_cmake_symlink_install/ament_cmake_symlink_install.cmake:340)"
    classname="test_package.lint_cmake"
  >
      <failure message="Lines should be &lt;= 140 characters long"/>
  </testcase>
  <testcase
    name="linelength (build/test_package/ament_cmake_symlink_install/ament_cmake_symlink_install.cmake:341)"
    classname="test_package.lint_cmake"
  >
      <failure message="Lines should be &lt;= 140 characters long"/>
  </testcase>
  <testcase
    name="linelength (build/test_package/ament_cmake_symlink_install/ament_cmake_symlink_install.cmake:343)"
    classname="test_package.lint_cmake"
  >
      <failure message="Lines should be &lt;= 140 characters long"/>
  </testcase>
  <testcase
    name="linelength (build/test_package/ament_cmake_symlink_install/ament_cmake_symlink_install.cmake:344)"
    classname="test_package.lint_cmake"
  >
      <failure message="Lines should be &lt;= 140 characters long"/>
  </testcase>
  <testcase
    name="linelength (build/test_package/ament_cmake_symlink_install/ament_cmake_symlink_install.cmake:346)"
    classname="test_package.lint_cmake"
  >
      <failure message="Lines should be &lt;= 140 characters long"/>
  </testcase>
  <testcase
    name="linelength (build/test_package/ament_cmake_symlink_install/ament_cmake_symlink_install.cmake:347)"
    classname="test_package.lint_cmake"
  >
      <failure message="Lines should be &lt;= 140 characters long"/>
  </testcase>
  <testcase
    name="linelength (build/test_package/ament_cmake_symlink_install/ament_cmake_symlink_install.cmake:349)"
    classname="test_package.lint_cmake"
  >
      <failure message="Lines should be &lt;= 140 characters long"/>
  </testcase>
  <testcase
    name="linelength (build/test_package/ament_cmake_symlink_install/ament_cmake_symlink_install.cmake:350)"
    classname="test_package.lint_cmake"
  >
      <failure message="Lines should be &lt;= 140 characters long"/>
  </testcase>
  <testcase
    name="linelength (build/test_package/ament_cmake_symlink_install/ament_cmake_symlink_install.cmake:353)"
    classname="test_package.lint_cmake"
  >
      <failure message="Lines should be &lt;= 140 characters long"/>
  </testcase>
  <testcase
    name="build/test_package/ament_cmake_symlink_install/ament_cmake_symlink_install_uninstall_script.cmake"
    classname="test_package.lint_cmake"/>
  <testcase
    name="linelength (build/test_package/ament_cmake_uninstall_target/ament_cmake_uninstall_target.cmake:60)"
    classname="test_package.lint_cmake"
  >
      <failure message="Lines should be &lt;= 140 characters long"/>
  </testcase>
  <testcase
    name="install/test_package/share/test_package/cmake/test_packageConfig-version.cmake"
    classname="test_package.lint_cmake"/>
  <testcase
    name="install/test_package/share/test_package/cmake/test_packageConfig.cmake"
    classname="test_package.lint_cmake"/>
  <system-out>Checked files:
* CMakeLists.txt
* build/test_package/CTestCustom.cmake
* build/test_package/CTestTestfile.cmake
* build/test_package/cmake_install.cmake
* build/test_package/CMakeFiles/CMakeDirectoryInformation.cmake
* build/test_package/CMakeFiles/Makefile.cmake
* build/test_package/CMakeFiles/3.22.1/CMakeCCompiler.cmake
* build/test_package/CMakeFiles/3.22.1/CMakeCXXCompiler.cmake
* build/test_package/CMakeFiles/3.22.1/CMakeSystem.cmake
* build/test_package/CMakeFiles/test_package_uninstall.dir/DependInfo.cmake
* build/test_package/CMakeFiles/test_package_uninstall.dir/cmake_clean.cmake
* build/test_package/CMakeFiles/uninstall.dir/DependInfo.cmake
* build/test_package/CMakeFiles/uninstall.dir/cmake_clean.cmake
* build/test_package/ament_cmake_core/package.cmake
* build/test_package/ament_cmake_core/test_packageConfig-version.cmake
* build/test_package/ament_cmake_core/test_packageConfig.cmake
* build/test_package/ament_cmake_package_templates/templates.cmake
* build/test_package/ament_cmake_symlink_install/ament_cmake_symlink_install.cmake
* build/test_package/ament_cmake_symlink_install/ament_cmake_symlink_install_uninstall_script.cmake
* build/test_package/ament_cmake_uninstall_target/ament_cmake_uninstall_target.cmake
* install/test_package/share/test_package/cmake/test_packageConfig-version.cmake
* install/test_package/share/test_package/cmake/test_packageConfig.cmake</system-out>
</testsuite>
