<?xml version="1.0" encoding="UTF-8"?>
<Site BuildName="(empty)"
	BuildStamp="20250411-2255-Experimental"
	Name="HanielUlises"
	Generator="ctest-3.22.1"
	CompilerName="/usr/bin/c++"
	CompilerVersion="11.4.0"
	OSName="Linux"
	Hostname="HanielUlises"
	OSRelease="6.8.0-57-generic"
	OSVersion="#59~22.04.1-Ubuntu SMP PREEMPT_DYNAMIC Wed Mar 19 17:07:41 UTC 2"
	OSPlatform="x86_64"
	Is64Bits="1"
	VendorString="GenuineIntel"
	VendorID="Intel Corporation"
	FamilyID="6"
	ModelID="165"
	ProcessorCacheSize="16384"
	NumberOfLogicalCPU="16"
	NumberOfPhysicalCPU="8"
	TotalVirtualMemory="2047"
	TotalPhysicalMemory="39761"
	LogicalProcessorsPerPhysical="2"
	ProcessorClockFrequency="4117.81"
	>
	<Testing>
		<StartDateTime>Apr 11 16:55 CST</StartDateTime>
		<StartTestTime>1744412113</StartTestTime>
		<TestList>
			<Test>./cppcheck</Test>
			<Test>./lint_cmake</Test>
			<Test>./uncrustify</Test>
			<Test>./xmllint</Test>
		</TestList>
		<Test Status="passed">
			<Name>cppcheck</Name>
			<Path>.</Path>
			<FullName>./cppcheck</FullName>
			<FullCommandLine>/usr/bin/python3 "-u" "/opt/ros/humble/share/ament_cmake_test/cmake/run_test.py" "/home/haniel/Projects/ROS-Mobile/Workspaces/test_package/build/test_package/test_results/test_package/cppcheck.xunit.xml" "--package-name" "test_package" "--output-file" "/home/haniel/Projects/ROS-Mobile/Workspaces/test_package/build/test_package/ament_cppcheck/cppcheck.txt" "--command" "/opt/ros/humble/bin/ament_cppcheck" "--xunit-file" "/home/haniel/Projects/ROS-Mobile/Workspaces/test_package/build/test_package/test_results/test_package/cppcheck.xunit.xml"</FullCommandLine>
			<Results>
				<NamedMeasurement type="numeric/double" name="Execution Time">
					<Value>0.146976</Value>
				</NamedMeasurement>
				<NamedMeasurement type="numeric/double" name="Processors">
					<Value>1</Value>
				</NamedMeasurement>
				<NamedMeasurement type="text/string" name="Completion Status">
					<Value>Completed</Value>
				</NamedMeasurement>
				<NamedMeasurement type="text/string" name="Command Line">
					<Value>/usr/bin/python3 "-u" "/opt/ros/humble/share/ament_cmake_test/cmake/run_test.py" "/home/haniel/Projects/ROS-Mobile/Workspaces/test_package/build/test_package/test_results/test_package/cppcheck.xunit.xml" "--package-name" "test_package" "--output-file" "/home/haniel/Projects/ROS-Mobile/Workspaces/test_package/build/test_package/ament_cppcheck/cppcheck.txt" "--command" "/opt/ros/humble/bin/ament_cppcheck" "--xunit-file" "/home/haniel/Projects/ROS-Mobile/Workspaces/test_package/build/test_package/test_results/test_package/cppcheck.xunit.xml"</Value>
				</NamedMeasurement>
				<NamedMeasurement type="text/string" name="Environment">
					<Value>#CTEST_RESOURCE_GROUP_COUNT=</Value>
				</NamedMeasurement>
				<Measurement>
					<Value>-- run_test.py: invoking following command in '/home/haniel/Projects/ROS-Mobile/Workspaces/test_package':
 - /opt/ros/humble/bin/ament_cppcheck --xunit-file /home/haniel/Projects/ROS-Mobile/Workspaces/test_package/build/test_package/test_results/test_package/cppcheck.xunit.xml
cppcheck 2.7 has known performance issues and therefore will not be used, set the AMENT_CPPCHECK_ALLOW_SLOW_VERSIONS environment variable to override this.
-- run_test.py: return code 0
-- run_test.py: verify result file '/home/haniel/Projects/ROS-Mobile/Workspaces/test_package/build/test_package/test_results/test_package/cppcheck.xunit.xml'
</Value>
				</Measurement>
			</Results>
			<Labels>
				<Label>cppcheck</Label>
				<Label>linter</Label>
			</Labels>
		</Test>
		<Test Status="failed">
			<Name>lint_cmake</Name>
			<Path>.</Path>
			<FullName>./lint_cmake</FullName>
			<FullCommandLine>/usr/bin/python3 "-u" "/opt/ros/humble/share/ament_cmake_test/cmake/run_test.py" "/home/haniel/Projects/ROS-Mobile/Workspaces/test_package/build/test_package/test_results/test_package/lint_cmake.xunit.xml" "--package-name" "test_package" "--output-file" "/home/haniel/Projects/ROS-Mobile/Workspaces/test_package/build/test_package/ament_lint_cmake/lint_cmake.txt" "--command" "/opt/ros/humble/bin/ament_lint_cmake" "--xunit-file" "/home/haniel/Projects/ROS-Mobile/Workspaces/test_package/build/test_package/test_results/test_package/lint_cmake.xunit.xml"</FullCommandLine>
			<Results>
				<NamedMeasurement type="text/string" name="Exit Code">
					<Value>Failed</Value>
				</NamedMeasurement>
				<NamedMeasurement type="text/string" name="Exit Value">
					<Value>1</Value>
				</NamedMeasurement>
				<NamedMeasurement type="numeric/double" name="Execution Time">
					<Value>0.152128</Value>
				</NamedMeasurement>
				<NamedMeasurement type="numeric/double" name="Processors">
					<Value>1</Value>
				</NamedMeasurement>
				<NamedMeasurement type="text/string" name="Completion Status">
					<Value>Completed</Value>
				</NamedMeasurement>
				<NamedMeasurement type="text/string" name="Command Line">
					<Value>/usr/bin/python3 "-u" "/opt/ros/humble/share/ament_cmake_test/cmake/run_test.py" "/home/haniel/Projects/ROS-Mobile/Workspaces/test_package/build/test_package/test_results/test_package/lint_cmake.xunit.xml" "--package-name" "test_package" "--output-file" "/home/haniel/Projects/ROS-Mobile/Workspaces/test_package/build/test_package/ament_lint_cmake/lint_cmake.txt" "--command" "/opt/ros/humble/bin/ament_lint_cmake" "--xunit-file" "/home/haniel/Projects/ROS-Mobile/Workspaces/test_package/build/test_package/test_results/test_package/lint_cmake.xunit.xml"</Value>
				</NamedMeasurement>
				<NamedMeasurement type="text/string" name="Environment">
					<Value>#CTEST_RESOURCE_GROUP_COUNT=</Value>
				</NamedMeasurement>
				<Measurement>
					<Value>-- run_test.py: invoking following command in '/home/haniel/Projects/ROS-Mobile/Workspaces/test_package':
 - /opt/ros/humble/bin/ament_lint_cmake --xunit-file /home/haniel/Projects/ROS-Mobile/Workspaces/test_package/build/test_package/test_results/test_package/lint_cmake.xunit.xml
build/test_package/CTestTestfile.cmake:1: Line ends in whitespace [whitespace/eol]
build/test_package/CTestTestfile.cmake:4: Line ends in whitespace [whitespace/eol]
build/test_package/CTestTestfile.cmake:5: Line ends in whitespace [whitespace/eol]
build/test_package/CTestTestfile.cmake:7: Lines should be &lt;= 140 characters long [linelength]
build/test_package/CTestTestfile.cmake:8: Lines should be &lt;= 140 characters long [linelength]
build/test_package/CTestTestfile.cmake:9: Lines should be &lt;= 140 characters long [linelength]
build/test_package/CTestTestfile.cmake:10: Lines should be &lt;= 140 characters long [linelength]
build/test_package/CTestTestfile.cmake:11: Lines should be &lt;= 140 characters long [linelength]
build/test_package/CTestTestfile.cmake:12: Lines should be &lt;= 140 characters long [linelength]
build/test_package/CTestTestfile.cmake:13: Lines should be &lt;= 140 characters long [linelength]
build/test_package/CTestTestfile.cmake:14: Lines should be &lt;= 140 characters long [linelength]

build/test_package/cmake_install.cmake:13: Weird indentation; use 2 spaces [whitespace/indent]
build/test_package/cmake_install.cmake:46: Lines should be &lt;= 140 characters long [linelength]
build/test_package/cmake_install.cmake:56: Weird indentation; use 2 spaces [whitespace/indent]
build/test_package/cmake_install.cmake:58: Weird indentation; use 2 spaces [whitespace/indent]

build/test_package/CMakeFiles/Makefile.cmake:8: Mismatching spaces inside () after command [whitespace/mismatch]
build/test_package/CMakeFiles/Makefile.cmake:267: Mismatching spaces inside () after command [whitespace/mismatch]
build/test_package/CMakeFiles/Makefile.cmake:273: Mismatching spaces inside () after command [whitespace/mismatch]
build/test_package/CMakeFiles/Makefile.cmake:302: Mismatching spaces inside () after command [whitespace/mismatch]

build/test_package/CMakeFiles/3.22.1/CMakeCCompiler.cmake:9: Lines should be &lt;= 140 characters long [linelength]
build/test_package/CMakeFiles/3.22.1/CMakeCCompiler.cmake:69: Lines should be &lt;= 140 characters long [linelength]

build/test_package/CMakeFiles/3.22.1/CMakeCXXCompiler.cmake:9: Lines should be &lt;= 140 characters long [linelength]
build/test_package/CMakeFiles/3.22.1/CMakeCXXCompiler.cmake:11: Lines should be &lt;= 140 characters long [linelength]
build/test_package/CMakeFiles/3.22.1/CMakeCXXCompiler.cmake:12: Lines should be &lt;= 140 characters long [linelength]
build/test_package/CMakeFiles/3.22.1/CMakeCXXCompiler.cmake:42: Extra spaces between 'foreach' and its () [whitespace/extra]
build/test_package/CMakeFiles/3.22.1/CMakeCXXCompiler.cmake:43: Extra spaces between 'if' and its () [whitespace/extra]
build/test_package/CMakeFiles/3.22.1/CMakeCXXCompiler.cmake:80: Lines should be &lt;= 140 characters long [linelength]

build/test_package/CMakeFiles/test_package_uninstall.dir/DependInfo.cmake:6: Mismatching spaces inside () after command [whitespace/mismatch]
build/test_package/CMakeFiles/test_package_uninstall.dir/DependInfo.cmake:10: Mismatching spaces inside () after command [whitespace/mismatch]
build/test_package/CMakeFiles/test_package_uninstall.dir/DependInfo.cmake:14: Mismatching spaces inside () after command [whitespace/mismatch]

build/test_package/CMakeFiles/test_package_uninstall.dir/cmake_clean.cmake:6: Mismatching spaces inside () after command [whitespace/mismatch]

build/test_package/CMakeFiles/uninstall.dir/DependInfo.cmake:6: Mismatching spaces inside () after command [whitespace/mismatch]
build/test_package/CMakeFiles/uninstall.dir/DependInfo.cmake:10: Mismatching spaces inside () after command [whitespace/mismatch]
build/test_package/CMakeFiles/uninstall.dir/DependInfo.cmake:14: Mismatching spaces inside () after command [whitespace/mismatch]

build/test_package/CMakeFiles/uninstall.dir/cmake_clean.cmake:3: Mismatching spaces inside () after command [whitespace/mismatch]

build/test_package/ament_cmake_core/package.cmake:4: Mismatching spaces inside () after command [whitespace/mismatch]
build/test_package/ament_cmake_core/package.cmake:6: Mismatching spaces inside () after command [whitespace/mismatch]
build/test_package/ament_cmake_core/package.cmake:7: Mismatching spaces inside () after command [whitespace/mismatch]
build/test_package/ament_cmake_core/package.cmake:8: Mismatching spaces inside () after command [whitespace/mismatch]
build/test_package/ament_cmake_core/package.cmake:10: Mismatching spaces inside () after command [whitespace/mismatch]
build/test_package/ament_cmake_core/package.cmake:11: Mismatching spaces inside () after command [whitespace/mismatch]

build/test_package/ament_cmake_package_templates/templates.cmake:1: Lines should be &lt;= 140 characters long [linelength]
build/test_package/ament_cmake_package_templates/templates.cmake:2: Lines should be &lt;= 140 characters long [linelength]
build/test_package/ament_cmake_package_templates/templates.cmake:4: Lines should be &lt;= 140 characters long [linelength]
build/test_package/ament_cmake_package_templates/templates.cmake:5: Lines should be &lt;= 140 characters long [linelength]
build/test_package/ament_cmake_package_templates/templates.cmake:6: Lines should be &lt;= 140 characters long [linelength]
build/test_package/ament_cmake_package_templates/templates.cmake:8: Lines should be &lt;= 140 characters long [linelength]
build/test_package/ament_cmake_package_templates/templates.cmake:9: Lines should be &lt;= 140 characters long [linelength]
build/test_package/ament_cmake_package_templates/templates.cmake:10: Lines should be &lt;= 140 characters long [linelength]
build/test_package/ament_cmake_package_templates/templates.cmake:11: Lines should be &lt;= 140 characters long [linelength]
build/test_package/ament_cmake_package_templates/templates.cmake:12: Lines should be &lt;= 140 characters long [linelength]
build/test_package/ament_cmake_package_templates/templates.cmake:13: Lines should be &lt;= 140 characters long [linelength]
build/test_package/ament_cmake_package_templates/templates.cmake:14: Lines should be &lt;= 140 characters long [linelength]

build/test_package/ament_cmake_symlink_install/ament_cmake_symlink_install.cmake:313: Lines should be &lt;= 140 characters long [linelength]
build/test_package/ament_cmake_symlink_install/ament_cmake_symlink_install.cmake:314: Lines should be &lt;= 140 characters long [linelength]
build/test_package/ament_cmake_symlink_install/ament_cmake_symlink_install.cmake:316: Lines should be &lt;= 140 characters long [linelength]
build/test_package/ament_cmake_symlink_install/ament_cmake_symlink_install.cmake:317: Lines should be &lt;= 140 characters long [linelength]
build/test_package/ament_cmake_symlink_install/ament_cmake_symlink_install.cmake:319: Lines should be &lt;= 140 characters long [linelength]
build/test_package/ament_cmake_symlink_install/ament_cmake_symlink_install.cmake:320: Lines should be &lt;= 140 characters long [linelength]
build/test_package/ament_cmake_symlink_install/ament_cmake_symlink_install.cmake:322: Lines should be &lt;= 140 characters long [linelength]
build/test_package/ament_cmake_symlink_install/ament_cmake_symlink_install.cmake:323: Lines should be &lt;= 140 characters long [linelength]
build/test_package/ament_cmake_symlink_install/ament_cmake_symlink_install.cmake:325: Lines should be &lt;= 140 characters long [linelength]
build/test_package/ament_cmake_symlink_install/ament_cmake_symlink_install.cmake:326: Lines should be &lt;= 140 characters long [linelength]
build/test_package/ament_cmake_symlink_install/ament_cmake_symlink_install.cmake:328: Lines should be &lt;= 140 characters long [linelength]
build/test_package/ament_cmake_symlink_install/ament_cmake_symlink_install.cmake:329: Lines should be &lt;= 140 characters long [linelength]
build/test_package/ament_cmake_symlink_install/ament_cmake_symlink_install.cmake:331: Lines should be &lt;= 140 characters long [linelength]
build/test_package/ament_cmake_symlink_install/ament_cmake_symlink_install.cmake:332: Lines should be &lt;= 140 characters long [linelength]
build/test_package/ament_cmake_symlink_install/ament_cmake_symlink_install.cmake:334: Lines should be &lt;= 140 characters long [linelength]
build/test_package/ament_cmake_symlink_install/ament_cmake_symlink_install.cmake:335: Lines should be &lt;= 140 characters long [linelength]
build/test_package/ament_cmake_symlink_install/ament_cmake_symlink_install.cmake:337: Lines should be &lt;= 140 characters long [linelength]
build/test_package/ament_cmake_symlink_install/ament_cmake_symlink_install.cmake:338: Lines should be &lt;= 140 characters long [linelength]
build/test_package/ament_cmake_symlink_install/ament_cmake_symlink_install.cmake:340: Lines should be &lt;= 140 characters long [linelength]
build/test_package/ament_cmake_symlink_install/ament_cmake_symlink_install.cmake:341: Lines should be &lt;= 140 characters long [linelength]
build/test_package/ament_cmake_symlink_install/ament_cmake_symlink_install.cmake:343: Lines should be &lt;= 140 characters long [linelength]
build/test_package/ament_cmake_symlink_install/ament_cmake_symlink_install.cmake:344: Lines should be &lt;= 140 characters long [linelength]
build/test_package/ament_cmake_symlink_install/ament_cmake_symlink_install.cmake:346: Lines should be &lt;= 140 characters long [linelength]
build/test_package/ament_cmake_symlink_install/ament_cmake_symlink_install.cmake:347: Lines should be &lt;= 140 characters long [linelength]
build/test_package/ament_cmake_symlink_install/ament_cmake_symlink_install.cmake:349: Lines should be &lt;= 140 characters long [linelength]
build/test_package/ament_cmake_symlink_install/ament_cmake_symlink_install.cmake:350: Lines should be &lt;= 140 characters long [linelength]
build/test_package/ament_cmake_symlink_install/ament_cmake_symlink_install.cmake:353: Lines should be &lt;= 140 characters long [linelength]

build/test_package/ament_cmake_uninstall_target/ament_cmake_uninstall_target.cmake:60: Lines should be &lt;= 140 characters long [linelength]


81 errors
-- run_test.py: return code 1
-- run_test.py: verify result file '/home/haniel/Projects/ROS-Mobile/Workspaces/test_package/build/test_package/test_results/test_package/lint_cmake.xunit.xml'
</Value>
				</Measurement>
			</Results>
			<Labels>
				<Label>lint_cmake</Label>
				<Label>linter</Label>
			</Labels>
		</Test>
		<Test Status="failed">
			<Name>uncrustify</Name>
			<Path>.</Path>
			<FullName>./uncrustify</FullName>
			<FullCommandLine>/usr/bin/python3 "-u" "/opt/ros/humble/share/ament_cmake_test/cmake/run_test.py" "/home/haniel/Projects/ROS-Mobile/Workspaces/test_package/build/test_package/test_results/test_package/uncrustify.xunit.xml" "--package-name" "test_package" "--output-file" "/home/haniel/Projects/ROS-Mobile/Workspaces/test_package/build/test_package/ament_uncrustify/uncrustify.txt" "--command" "/opt/ros/humble/bin/ament_uncrustify" "--xunit-file" "/home/haniel/Projects/ROS-Mobile/Workspaces/test_package/build/test_package/test_results/test_package/uncrustify.xunit.xml"</FullCommandLine>
			<Results>
				<NamedMeasurement type="text/string" name="Exit Code">
					<Value>Failed</Value>
				</NamedMeasurement>
				<NamedMeasurement type="text/string" name="Exit Value">
					<Value>1</Value>
				</NamedMeasurement>
				<NamedMeasurement type="numeric/double" name="Execution Time">
					<Value>0.244597</Value>
				</NamedMeasurement>
				<NamedMeasurement type="numeric/double" name="Processors">
					<Value>1</Value>
				</NamedMeasurement>
				<NamedMeasurement type="text/string" name="Completion Status">
					<Value>Completed</Value>
				</NamedMeasurement>
				<NamedMeasurement type="text/string" name="Command Line">
					<Value>/usr/bin/python3 "-u" "/opt/ros/humble/share/ament_cmake_test/cmake/run_test.py" "/home/haniel/Projects/ROS-Mobile/Workspaces/test_package/build/test_package/test_results/test_package/uncrustify.xunit.xml" "--package-name" "test_package" "--output-file" "/home/haniel/Projects/ROS-Mobile/Workspaces/test_package/build/test_package/ament_uncrustify/uncrustify.txt" "--command" "/opt/ros/humble/bin/ament_uncrustify" "--xunit-file" "/home/haniel/Projects/ROS-Mobile/Workspaces/test_package/build/test_package/test_results/test_package/uncrustify.xunit.xml"</Value>
				</NamedMeasurement>
				<NamedMeasurement type="text/string" name="Environment">
					<Value>#CTEST_RESOURCE_GROUP_COUNT=</Value>
				</NamedMeasurement>
				<Measurement>
					<Value>-- run_test.py: invoking following command in '/home/haniel/Projects/ROS-Mobile/Workspaces/test_package':
 - /opt/ros/humble/bin/ament_uncrustify --xunit-file /home/haniel/Projects/ROS-Mobile/Workspaces/test_package/build/test_package/test_results/test_package/uncrustify.xunit.xml
Code style divergence in file 'build/test_package/CMakeFiles/3.22.1/CompilerIdC/CMakeCCompilerId.c':

--- build/test_package/CMakeFiles/3.22.1/CompilerIdC/CMakeCCompilerId.c
+++ build/test_package/CMakeFiles/3.22.1/CompilerIdC/CMakeCCompilerId.c.uncrustify
@@ -32 +32 @@
-  /* __INTEL_COMPILER = VRP prior to 2021, and then VVVV for 2021 and later,
+/* __INTEL_COMPILER = VRP prior to 2021, and then VVVV for 2021 and later,
@@ -35,2 +35,2 @@
-#  define COMPILER_VERSION_MAJOR DEC(__INTEL_COMPILER/100)
-#  define COMPILER_VERSION_MINOR DEC(__INTEL_COMPILER/10 % 10)
+#  define COMPILER_VERSION_MAJOR DEC(__INTEL_COMPILER / 100)
+#  define COMPILER_VERSION_MINOR DEC(__INTEL_COMPILER / 10 % 10)
@@ -40 +40 @@
-#   define COMPILER_VERSION_PATCH DEC(__INTEL_COMPILER   % 10)
+#   define COMPILER_VERSION_PATCH DEC(__INTEL_COMPILER % 10)
@@ -45 +45 @@
-   /* The third version component from --version is an update index,
+/* The third version component from --version is an update index,
@@ -50 +50 @@
-   /* __INTEL_COMPILER_BUILD_DATE = YYYYMMDD */
+/* __INTEL_COMPILER_BUILD_DATE = YYYYMMDD */
@@ -54 +54 @@
-   /* _MSC_VER = VVRR */
+/* _MSC_VER = VVRR */
@@ -83,3 +83,3 @@
-# define COMPILER_VERSION_MAJOR DEC(__INTEL_LLVM_COMPILER/100)
-# define COMPILER_VERSION_MINOR DEC(__INTEL_LLVM_COMPILER/10 % 10)
-# define COMPILER_VERSION_PATCH DEC(__INTEL_LLVM_COMPILER    % 10)
+# define COMPILER_VERSION_MAJOR DEC(__INTEL_LLVM_COMPILER / 100)
+# define COMPILER_VERSION_MINOR DEC(__INTEL_LLVM_COMPILER / 10 % 10)
+# define COMPILER_VERSION_PATCH DEC(__INTEL_LLVM_COMPILER % 10)
@@ -87,3 +87,3 @@
-# define COMPILER_VERSION_MAJOR DEC(__INTEL_LLVM_COMPILER/10000)
-# define COMPILER_VERSION_MINOR DEC(__INTEL_LLVM_COMPILER/100 % 100)
-# define COMPILER_VERSION_PATCH DEC(__INTEL_LLVM_COMPILER     % 100)
+# define COMPILER_VERSION_MAJOR DEC(__INTEL_LLVM_COMPILER / 10000)
+# define COMPILER_VERSION_MINOR DEC(__INTEL_LLVM_COMPILER / 100 % 100)
+# define COMPILER_VERSION_PATCH DEC(__INTEL_LLVM_COMPILER % 100)
@@ -92 +92 @@
-  /* _MSC_VER = VVRR */
+/* _MSC_VER = VVRR */
@@ -118,3 +118,3 @@
-# define COMPILER_VERSION_MAJOR HEX(__CODEGEARC_VERSION__&gt;&gt;24 &amp; 0x00FF)
-# define COMPILER_VERSION_MINOR HEX(__CODEGEARC_VERSION__&gt;&gt;16 &amp; 0x00FF)
-# define COMPILER_VERSION_PATCH DEC(__CODEGEARC_VERSION__     &amp; 0xFFFF)
+# define COMPILER_VERSION_MAJOR HEX(__CODEGEARC_VERSION__ &gt;&gt; 24 &amp; 0x00FF)
+# define COMPILER_VERSION_MINOR HEX(__CODEGEARC_VERSION__ &gt;&gt; 16 &amp; 0x00FF)
+# define COMPILER_VERSION_PATCH DEC(__CODEGEARC_VERSION__ &amp; 0xFFFF)
@@ -124,2 +124,2 @@
-  /* __BORLANDC__ = 0xVRR */
-# define COMPILER_VERSION_MAJOR HEX(__BORLANDC__&gt;&gt;8)
+/* __BORLANDC__ = 0xVRR */
+# define COMPILER_VERSION_MAJOR HEX(__BORLANDC__ &gt;&gt; 8)
@@ -130 +130 @@
-   /* __WATCOMC__ = VVRR */
+/* __WATCOMC__ = VVRR */
@@ -139 +139 @@
-   /* __WATCOMC__ = VVRP + 1100 */
+/* __WATCOMC__ = VVRP + 1100 */
@@ -149,4 +149,4 @@
-   /* __SUNPRO_C = 0xVRRP */
-#  define COMPILER_VERSION_MAJOR HEX(__SUNPRO_C&gt;&gt;12)
-#  define COMPILER_VERSION_MINOR HEX(__SUNPRO_C&gt;&gt;4 &amp; 0xFF)
-#  define COMPILER_VERSION_PATCH HEX(__SUNPRO_C    &amp; 0xF)
+/* __SUNPRO_C = 0xVRRP */
+#  define COMPILER_VERSION_MAJOR HEX(__SUNPRO_C &gt;&gt; 12)
+#  define COMPILER_VERSION_MINOR HEX(__SUNPRO_C &gt;&gt; 4 &amp; 0xFF)
+#  define COMPILER_VERSION_PATCH HEX(__SUNPRO_C &amp; 0xF)
@@ -154,4 +154,4 @@
-   /* __SUNPRO_CC = 0xVRP */
-#  define COMPILER_VERSION_MAJOR HEX(__SUNPRO_C&gt;&gt;8)
-#  define COMPILER_VERSION_MINOR HEX(__SUNPRO_C&gt;&gt;4 &amp; 0xF)
-#  define COMPILER_VERSION_PATCH HEX(__SUNPRO_C    &amp; 0xF)
+/* __SUNPRO_CC = 0xVRP */
+#  define COMPILER_VERSION_MAJOR HEX(__SUNPRO_C &gt;&gt; 8)
+#  define COMPILER_VERSION_MINOR HEX(__SUNPRO_C &gt;&gt; 4 &amp; 0xF)
+#  define COMPILER_VERSION_PATCH HEX(__SUNPRO_C &amp; 0xF)
@@ -162,4 +162,4 @@
-  /* __HP_cc = VVRRPP */
-# define COMPILER_VERSION_MAJOR DEC(__HP_cc/10000)
-# define COMPILER_VERSION_MINOR DEC(__HP_cc/100 % 100)
-# define COMPILER_VERSION_PATCH DEC(__HP_cc     % 100)
+/* __HP_cc = VVRRPP */
+# define COMPILER_VERSION_MAJOR DEC(__HP_cc / 10000)
+# define COMPILER_VERSION_MINOR DEC(__HP_cc / 100 % 100)
+# define COMPILER_VERSION_PATCH DEC(__HP_cc % 100)
@@ -169,4 +169,4 @@
-  /* __DECC_VER = VVRRTPPPP */
-# define COMPILER_VERSION_MAJOR DEC(__DECC_VER/10000000)
-# define COMPILER_VERSION_MINOR DEC(__DECC_VER/100000  % 100)
-# define COMPILER_VERSION_PATCH DEC(__DECC_VER         % 10000)
+/* __DECC_VER = VVRRTPPPP */
+# define COMPILER_VERSION_MAJOR DEC(__DECC_VER / 10000000)
+# define COMPILER_VERSION_MINOR DEC(__DECC_VER / 100000 % 100)
+# define COMPILER_VERSION_PATCH DEC(__DECC_VER % 10000)
@@ -176,4 +176,4 @@
-  /* __IBMC__ = VRP */
-# define COMPILER_VERSION_MAJOR DEC(__IBMC__/100)
-# define COMPILER_VERSION_MINOR DEC(__IBMC__/10 % 10)
-# define COMPILER_VERSION_PATCH DEC(__IBMC__    % 10)
+/* __IBMC__ = VRP */
+# define COMPILER_VERSION_MAJOR DEC(__IBMC__ / 100)
+# define COMPILER_VERSION_MINOR DEC(__IBMC__ / 10 % 10)
+# define COMPILER_VERSION_PATCH DEC(__IBMC__ % 10)
@@ -191,4 +191,4 @@
-  /* __IBMC__ = VRP */
-# define COMPILER_VERSION_MAJOR DEC(__IBMC__/100)
-# define COMPILER_VERSION_MINOR DEC(__IBMC__/10 % 10)
-# define COMPILER_VERSION_PATCH DEC(__IBMC__    % 10)
+/* __IBMC__ = VRP */
+# define COMPILER_VERSION_MAJOR DEC(__IBMC__ / 100)
+# define COMPILER_VERSION_MINOR DEC(__IBMC__ / 10 % 10)
+# define COMPILER_VERSION_PATCH DEC(__IBMC__ % 10)
@@ -198,4 +198,4 @@
-  /* __IBMC__ = VRP */
-# define COMPILER_VERSION_MAJOR DEC(__IBMC__/100)
-# define COMPILER_VERSION_MINOR DEC(__IBMC__/10 % 10)
-# define COMPILER_VERSION_PATCH DEC(__IBMC__    % 10)
+/* __IBMC__ = VRP */
+# define COMPILER_VERSION_MAJOR DEC(__IBMC__ / 100)
+# define COMPILER_VERSION_MINOR DEC(__IBMC__ / 10 % 10)
+# define COMPILER_VERSION_PATCH DEC(__IBMC__ % 10)
@@ -226,4 +226,4 @@
-  /* __TI_COMPILER_VERSION__ = VVVRRRPPP */
-# define COMPILER_VERSION_MAJOR DEC(__TI_COMPILER_VERSION__/1000000)
-# define COMPILER_VERSION_MINOR DEC(__TI_COMPILER_VERSION__/1000   % 1000)
-# define COMPILER_VERSION_PATCH DEC(__TI_COMPILER_VERSION__        % 1000)
+/* __TI_COMPILER_VERSION__ = VVVRRRPPP */
+# define COMPILER_VERSION_MAJOR DEC(__TI_COMPILER_VERSION__ / 1000000)
+# define COMPILER_VERSION_MINOR DEC(__TI_COMPILER_VERSION__ / 1000 % 1000)
+# define COMPILER_VERSION_PATCH DEC(__TI_COMPILER_VERSION__ % 1000)
@@ -261 +261 @@
-# define COMPILER_VERSION_PATCH DEC(__GHS_VERSION_NUMBER      % 10)
+# define COMPILER_VERSION_PATCH DEC(__GHS_VERSION_NUMBER % 10)
@@ -276,4 +276,4 @@
-  /* __ARMCC_VERSION = VRRPPPP */
-  # define COMPILER_VERSION_MAJOR DEC(__ARMCC_VERSION/1000000)
-  # define COMPILER_VERSION_MINOR DEC(__ARMCC_VERSION/10000 % 100)
-  # define COMPILER_VERSION_PATCH DEC(__ARMCC_VERSION     % 10000)
+/* __ARMCC_VERSION = VRRPPPP */
+  # define COMPILER_VERSION_MAJOR DEC(__ARMCC_VERSION / 1000000)
+  # define COMPILER_VERSION_MINOR DEC(__ARMCC_VERSION / 10000 % 100)
+  # define COMPILER_VERSION_PATCH DEC(__ARMCC_VERSION % 10000)
@@ -281,4 +281,4 @@
-  /* __ARMCC_VERSION = VRPPPP */
-  # define COMPILER_VERSION_MAJOR DEC(__ARMCC_VERSION/100000)
-  # define COMPILER_VERSION_MINOR DEC(__ARMCC_VERSION/10000 % 10)
-  # define COMPILER_VERSION_PATCH DEC(__ARMCC_VERSION    % 10000)
+/* __ARMCC_VERSION = VRPPPP */
+  # define COMPILER_VERSION_MAJOR DEC(__ARMCC_VERSION / 100000)
+  # define COMPILER_VERSION_MINOR DEC(__ARMCC_VERSION / 10000 % 10)
+  # define COMPILER_VERSION_PATCH DEC(__ARMCC_VERSION % 10000)
@@ -297 +297 @@
-   /* _MSC_VER = VVRR */
+/* _MSC_VER = VVRR */
@@ -305,3 +305,3 @@
-  # define COMPILER_VERSION_MAJOR DEC(__ARMCOMPILER_VERSION/1000000)
-  # define COMPILER_VERSION_MINOR DEC(__ARMCOMPILER_VERSION/10000 % 100)
-  # define COMPILER_VERSION_PATCH DEC(__ARMCOMPILER_VERSION     % 10000)
+  # define COMPILER_VERSION_MAJOR DEC(__ARMCOMPILER_VERSION / 1000000)
+  # define COMPILER_VERSION_MINOR DEC(__ARMCOMPILER_VERSION / 10000 % 100)
+  # define COMPILER_VERSION_PATCH DEC(__ARMCOMPILER_VERSION % 10000)
@@ -319 +319 @@
-   /* _MSC_VER = VVRR */
+/* _MSC_VER = VVRR */
@@ -336 +336 @@
-  /* _MSC_VER = VVRR */
+/* _MSC_VER = VVRR */
@@ -341 +341 @@
-    /* _MSC_FULL_VER = VVRRPPPPP */
+/* _MSC_FULL_VER = VVRRPPPPP */
@@ -344 +344 @@
-    /* _MSC_FULL_VER = VVRRPPPP */
+/* _MSC_FULL_VER = VVRRPPPP */
@@ -352 +352,2 @@
-#elif defined(__VISUALDSPVERSION__) || defined(__ADSPBLACKFIN__) || defined(__ADSPTS__) || defined(__ADSP21000__)
+#elif defined(__VISUALDSPVERSION__) || defined(__ADSPBLACKFIN__) || defined(__ADSPTS__) || \
+  defined(__ADSP21000__)
@@ -355,4 +356,4 @@
-  /* __VISUALDSPVERSION__ = 0xVVRRPP00 */
-# define COMPILER_VERSION_MAJOR HEX(__VISUALDSPVERSION__&gt;&gt;24)
-# define COMPILER_VERSION_MINOR HEX(__VISUALDSPVERSION__&gt;&gt;16 &amp; 0xFF)
-# define COMPILER_VERSION_PATCH HEX(__VISUALDSPVERSION__&gt;&gt;8  &amp; 0xFF)
+/* __VISUALDSPVERSION__ = 0xVVRRPP00 */
+# define COMPILER_VERSION_MAJOR HEX(__VISUALDSPVERSION__ &gt;&gt; 24)
+# define COMPILER_VERSION_MINOR HEX(__VISUALDSPVERSION__ &gt;&gt; 16 &amp; 0xFF)
+# define COMPILER_VERSION_PATCH HEX(__VISUALDSPVERSION__ &gt;&gt; 8 &amp; 0xFF)
@@ -368 +369,3 @@
-# elif defined(__VER__) &amp;&amp; (defined(__ICCAVR__) || defined(__ICCRX__) || defined(__ICCRH850__) || defined(__ICCRL78__) || defined(__ICC430__) || defined(__ICCRISCV__) || defined(__ICCV850__) || defined(__ICC8051__) || defined(__ICCSTM8__))
+# elif defined(__VER__) &amp;&amp; (defined(__ICCAVR__) || defined(__ICCRX__) || defined(__ICCRH850__) || \
+  defined(__ICCRL78__) || defined(__ICC430__) || defined(__ICCRISCV__) || defined(__ICCV850__) || \
+  defined(__ICC8051__) || defined(__ICCSTM8__))
@@ -370 +373 @@
-#  define COMPILER_VERSION_MINOR DEC((__VER__) - (((__VER__) / 100)*100))
+#  define COMPILER_VERSION_MINOR DEC((__VER__) -(((__VER__) / 100) * 100))
@@ -382,4 +385,4 @@
-  /* SDCC = VRP */
-#  define COMPILER_VERSION_MAJOR DEC(SDCC/100)
-#  define COMPILER_VERSION_MINOR DEC(SDCC/10 % 10)
-#  define COMPILER_VERSION_PATCH DEC(SDCC    % 10)
+/* SDCC = VRP */
+#  define COMPILER_VERSION_MAJOR DEC(SDCC / 100)
+#  define COMPILER_VERSION_MINOR DEC(SDCC / 10 % 10)
+#  define COMPILER_VERSION_PATCH DEC(SDCC % 10)
@@ -403 +406 @@
-char const* info_compiler = "INFO" ":" "compiler[" COMPILER_ID "]";
+char const * info_compiler = "INFO" ":" "compiler[" COMPILER_ID "]";
@@ -405 +408 @@
-char const* info_simulate = "INFO" ":" "simulate[" SIMULATE_ID "]";
+char const * info_simulate = "INFO" ":" "simulate[" SIMULATE_ID "]";
@@ -409 +412 @@
-char const* qnxnto = "INFO" ":" "qnxnto[]";
+char const * qnxnto = "INFO" ":" "qnxnto[]";
@@ -413 +416 @@
-char const *info_cray = "INFO" ":" "compiler_wrapper[CrayPrgEnv]";
+char const * info_cray = "INFO" ":" "compiler_wrapper[CrayPrgEnv]";
@@ -656,9 +659,9 @@
-#define DEC(n)                   \
-  ('0' + (((n) / 10000000)%10)), \
-  ('0' + (((n) / 1000000)%10)),  \
-  ('0' + (((n) / 100000)%10)),   \
-  ('0' + (((n) / 10000)%10)),    \
-  ('0' + (((n) / 1000)%10)),     \
-  ('0' + (((n) / 100)%10)),      \
-  ('0' + (((n) / 10)%10)),       \
-  ('0' +  ((n) % 10))
+#define DEC(n) \
+  ('0' + (((n) / 10000000) % 10)), \
+  ('0' + (((n) / 1000000) % 10)), \
+  ('0' + (((n) / 100000) % 10)), \
+  ('0' + (((n) / 10000) % 10)), \
+  ('0' + (((n) / 1000) % 10)), \
+  ('0' + (((n) / 100) % 10)), \
+  ('0' + (((n) / 10) % 10)), \
+  ('0' + ((n) % 10))
@@ -667,9 +670,9 @@
-#define HEX(n)             \
-  ('0' + ((n)&gt;&gt;28 &amp; 0xF)), \
-  ('0' + ((n)&gt;&gt;24 &amp; 0xF)), \
-  ('0' + ((n)&gt;&gt;20 &amp; 0xF)), \
-  ('0' + ((n)&gt;&gt;16 &amp; 0xF)), \
-  ('0' + ((n)&gt;&gt;12 &amp; 0xF)), \
-  ('0' + ((n)&gt;&gt;8  &amp; 0xF)), \
-  ('0' + ((n)&gt;&gt;4  &amp; 0xF)), \
-  ('0' + ((n)     &amp; 0xF))
+#define HEX(n) \
+  ('0' + ((n) &gt;&gt; 28 &amp; 0xF)), \
+  ('0' + ((n) &gt;&gt; 24 &amp; 0xF)), \
+  ('0' + ((n) &gt;&gt; 20 &amp; 0xF)), \
+  ('0' + ((n) &gt;&gt; 16 &amp; 0xF)), \
+  ('0' + ((n) &gt;&gt; 12 &amp; 0xF)), \
+  ('0' + ((n) &gt;&gt; 8 &amp; 0xF)), \
+  ('0' + ((n) &gt;&gt; 4 &amp; 0xF)), \
+  ('0' + ((n) &amp; 0xF))
@@ -679 +682 @@
-char const* info_version = "INFO" ":" "compiler_version[" COMPILER_VERSION "]";
+char const * info_version = "INFO" ":" "compiler_version[" COMPILER_VERSION "]";
@@ -685 +688 @@
-  'c','o','m','p','i','l','e','r','_','v','e','r','s','i','o','n','[',
+  'c', 'o', 'm', 'p', 'i', 'l', 'e', 'r', '_', 'v', 'e', 'r', 's', 'i', 'o', 'n', '[',
@@ -690 +693 @@
-   '.', COMPILER_VERSION_PATCH,
+  '.', COMPILER_VERSION_PATCH,
@@ -692 +695 @@
-    '.', COMPILER_VERSION_TWEAK,
+  '.', COMPILER_VERSION_TWEAK,
@@ -696 +699,2 @@
-  ']','\0'};
+  ']', '\0'
+};
@@ -703,3 +707,4 @@
-  'c','o','m','p','i','l','e','r','_','v','e','r','s','i','o','n','_',
-  'i','n','t','e','r','n','a','l','[',
-  COMPILER_VERSION_INTERNAL,']','\0'};
+  'c', 'o', 'm', 'p', 'i', 'l', 'e', 'r', '_', 'v', 'e', 'r', 's', 'i', 'o', 'n', '_',
+  'i', 'n', 't', 'e', 'r', 'n', 'a', 'l', '[',
+  COMPILER_VERSION_INTERNAL, ']', '\0'
+};
@@ -707 +712,2 @@
-char const* info_version_internal = "INFO" ":" "compiler_version_internal[" COMPILER_VERSION_INTERNAL_STR "]";
+char const * info_version_internal =
+  "INFO" ":" "compiler_version_internal[" COMPILER_VERSION_INTERNAL_STR "]";
@@ -714 +720 @@
-  's','i','m','u','l','a','t','e','_','v','e','r','s','i','o','n','[',
+  's', 'i', 'm', 'u', 'l', 'a', 't', 'e', '_', 'v', 'e', 'r', 's', 'i', 'o', 'n', '[',
@@ -719 +725 @@
-   '.', SIMULATE_VERSION_PATCH,
+  '.', SIMULATE_VERSION_PATCH,
@@ -721 +727 @@
-    '.', SIMULATE_VERSION_TWEAK,
+  '.', SIMULATE_VERSION_TWEAK,
@@ -725 +731,2 @@
-  ']','\0'};
+  ']', '\0'
+};
@@ -732,3 +739,2 @@
-char const* info_platform = "INFO" ":" "platform[" PLATFORM_ID "]";
-char const* info_arch = "INFO" ":" "arch[" ARCHITECTURE_ID "]";
-
+char const * info_platform = "INFO" ":" "platform[" PLATFORM_ID "]";
+char const * info_arch = "INFO" ":" "arch[" ARCHITECTURE_ID "]";
@@ -754 +760 @@
-const char* info_language_standard_default =
+const char * info_language_standard_default =
@@ -757 +763 @@
-const char* info_language_extensions_default = "INFO" ":" "extensions_default["
+const char * info_language_extensions_default = "INFO" ":" "extensions_default["
@@ -759,2 +765,2 @@
-#if (defined(__clang__) || defined(__GNUC__) ||                               \
-     defined(__TI_COMPILER_VERSION__)) &amp;&amp;                                     \
+#if (defined(__clang__) || defined(__GNUC__) || \
+  defined(__TI_COMPILER_VERSION__)) &amp;&amp; \
@@ -766 +772 @@
-"]";
+  "]";
@@ -774 +780 @@
-int main(argc, argv) int argc; char *argv[];
+int main(argc, argv) int argc; char * argv[];
@@ -776 +782 @@
-int main(int argc, char* argv[])
+int main(int argc, char * argv[])

Code style divergence in file 'build/test_package/CMakeFiles/3.22.1/CompilerIdCXX/CMakeCXXCompilerId.cpp':

--- build/test_package/CMakeFiles/3.22.1/CompilerIdCXX/CMakeCXXCompilerId.cpp
+++ build/test_package/CMakeFiles/3.22.1/CompilerIdCXX/CMakeCXXCompilerId.cpp.uncrustify
@@ -20 +20 @@
-  /* __COMO_VERSION__ = VRR */
+/* __COMO_VERSION__ = VRR */
@@ -32 +32 @@
-  /* __INTEL_COMPILER = VRP prior to 2021, and then VVVV for 2021 and later,
+/* __INTEL_COMPILER = VRP prior to 2021, and then VVVV for 2021 and later,
@@ -35,2 +35,2 @@
-#  define COMPILER_VERSION_MAJOR DEC(__INTEL_COMPILER/100)
-#  define COMPILER_VERSION_MINOR DEC(__INTEL_COMPILER/10 % 10)
+#  define COMPILER_VERSION_MAJOR DEC(__INTEL_COMPILER / 100)
+#  define COMPILER_VERSION_MINOR DEC(__INTEL_COMPILER / 10 % 10)
@@ -40 +40 @@
-#   define COMPILER_VERSION_PATCH DEC(__INTEL_COMPILER   % 10)
+#   define COMPILER_VERSION_PATCH DEC(__INTEL_COMPILER % 10)
@@ -45 +45 @@
-   /* The third version component from --version is an update index,
+/* The third version component from --version is an update index,
@@ -50 +50 @@
-   /* __INTEL_COMPILER_BUILD_DATE = YYYYMMDD */
+/* __INTEL_COMPILER_BUILD_DATE = YYYYMMDD */
@@ -54 +54 @@
-   /* _MSC_VER = VVRR */
+/* _MSC_VER = VVRR */
@@ -83,3 +83,3 @@
-# define COMPILER_VERSION_MAJOR DEC(__INTEL_LLVM_COMPILER/100)
-# define COMPILER_VERSION_MINOR DEC(__INTEL_LLVM_COMPILER/10 % 10)
-# define COMPILER_VERSION_PATCH DEC(__INTEL_LLVM_COMPILER    % 10)
+# define COMPILER_VERSION_MAJOR DEC(__INTEL_LLVM_COMPILER / 100)
+# define COMPILER_VERSION_MINOR DEC(__INTEL_LLVM_COMPILER / 10 % 10)
+# define COMPILER_VERSION_PATCH DEC(__INTEL_LLVM_COMPILER % 10)
@@ -87,3 +87,3 @@
-# define COMPILER_VERSION_MAJOR DEC(__INTEL_LLVM_COMPILER/10000)
-# define COMPILER_VERSION_MINOR DEC(__INTEL_LLVM_COMPILER/100 % 100)
-# define COMPILER_VERSION_PATCH DEC(__INTEL_LLVM_COMPILER     % 100)
+# define COMPILER_VERSION_MAJOR DEC(__INTEL_LLVM_COMPILER / 10000)
+# define COMPILER_VERSION_MINOR DEC(__INTEL_LLVM_COMPILER / 100 % 100)
+# define COMPILER_VERSION_PATCH DEC(__INTEL_LLVM_COMPILER % 100)
@@ -92 +92 @@
-  /* _MSC_VER = VVRR */
+/* _MSC_VER = VVRR */
@@ -118,3 +118,3 @@
-# define COMPILER_VERSION_MAJOR HEX(__CODEGEARC_VERSION__&gt;&gt;24 &amp; 0x00FF)
-# define COMPILER_VERSION_MINOR HEX(__CODEGEARC_VERSION__&gt;&gt;16 &amp; 0x00FF)
-# define COMPILER_VERSION_PATCH DEC(__CODEGEARC_VERSION__     &amp; 0xFFFF)
+# define COMPILER_VERSION_MAJOR HEX(__CODEGEARC_VERSION__ &gt;&gt; 24 &amp; 0x00FF)
+# define COMPILER_VERSION_MINOR HEX(__CODEGEARC_VERSION__ &gt;&gt; 16 &amp; 0x00FF)
+# define COMPILER_VERSION_PATCH DEC(__CODEGEARC_VERSION__ &amp; 0xFFFF)
@@ -124,2 +124,2 @@
-  /* __BORLANDC__ = 0xVRR */
-# define COMPILER_VERSION_MAJOR HEX(__BORLANDC__&gt;&gt;8)
+/* __BORLANDC__ = 0xVRR */
+# define COMPILER_VERSION_MAJOR HEX(__BORLANDC__ &gt;&gt; 8)
@@ -130 +130 @@
-   /* __WATCOMC__ = VVRR */
+/* __WATCOMC__ = VVRR */
@@ -139 +139 @@
-   /* __WATCOMC__ = VVRP + 1100 */
+/* __WATCOMC__ = VVRP + 1100 */
@@ -149,4 +149,4 @@
-   /* __SUNPRO_CC = 0xVRRP */
-#  define COMPILER_VERSION_MAJOR HEX(__SUNPRO_CC&gt;&gt;12)
-#  define COMPILER_VERSION_MINOR HEX(__SUNPRO_CC&gt;&gt;4 &amp; 0xFF)
-#  define COMPILER_VERSION_PATCH HEX(__SUNPRO_CC    &amp; 0xF)
+/* __SUNPRO_CC = 0xVRRP */
+#  define COMPILER_VERSION_MAJOR HEX(__SUNPRO_CC &gt;&gt; 12)
+#  define COMPILER_VERSION_MINOR HEX(__SUNPRO_CC &gt;&gt; 4 &amp; 0xFF)
+#  define COMPILER_VERSION_PATCH HEX(__SUNPRO_CC &amp; 0xF)
@@ -154,4 +154,4 @@
-   /* __SUNPRO_CC = 0xVRP */
-#  define COMPILER_VERSION_MAJOR HEX(__SUNPRO_CC&gt;&gt;8)
-#  define COMPILER_VERSION_MINOR HEX(__SUNPRO_CC&gt;&gt;4 &amp; 0xF)
-#  define COMPILER_VERSION_PATCH HEX(__SUNPRO_CC    &amp; 0xF)
+/* __SUNPRO_CC = 0xVRP */
+#  define COMPILER_VERSION_MAJOR HEX(__SUNPRO_CC &gt;&gt; 8)
+#  define COMPILER_VERSION_MINOR HEX(__SUNPRO_CC &gt;&gt; 4 &amp; 0xF)
+#  define COMPILER_VERSION_PATCH HEX(__SUNPRO_CC &amp; 0xF)
@@ -162,4 +162,4 @@
-  /* __HP_aCC = VVRRPP */
-# define COMPILER_VERSION_MAJOR DEC(__HP_aCC/10000)
-# define COMPILER_VERSION_MINOR DEC(__HP_aCC/100 % 100)
-# define COMPILER_VERSION_PATCH DEC(__HP_aCC     % 100)
+/* __HP_aCC = VVRRPP */
+# define COMPILER_VERSION_MAJOR DEC(__HP_aCC / 10000)
+# define COMPILER_VERSION_MINOR DEC(__HP_aCC / 100 % 100)
+# define COMPILER_VERSION_PATCH DEC(__HP_aCC % 100)
@@ -169,4 +169,4 @@
-  /* __DECCXX_VER = VVRRTPPPP */
-# define COMPILER_VERSION_MAJOR DEC(__DECCXX_VER/10000000)
-# define COMPILER_VERSION_MINOR DEC(__DECCXX_VER/100000  % 100)
-# define COMPILER_VERSION_PATCH DEC(__DECCXX_VER         % 10000)
+/* __DECCXX_VER = VVRRTPPPP */
+# define COMPILER_VERSION_MAJOR DEC(__DECCXX_VER / 10000000)
+# define COMPILER_VERSION_MINOR DEC(__DECCXX_VER / 100000 % 100)
+# define COMPILER_VERSION_PATCH DEC(__DECCXX_VER % 10000)
@@ -176,4 +176,4 @@
-  /* __IBMCPP__ = VRP */
-# define COMPILER_VERSION_MAJOR DEC(__IBMCPP__/100)
-# define COMPILER_VERSION_MINOR DEC(__IBMCPP__/10 % 10)
-# define COMPILER_VERSION_PATCH DEC(__IBMCPP__    % 10)
+/* __IBMCPP__ = VRP */
+# define COMPILER_VERSION_MAJOR DEC(__IBMCPP__ / 100)
+# define COMPILER_VERSION_MINOR DEC(__IBMCPP__ / 10 % 10)
+# define COMPILER_VERSION_PATCH DEC(__IBMCPP__ % 10)
@@ -191,4 +191,4 @@
-  /* __IBMCPP__ = VRP */
-# define COMPILER_VERSION_MAJOR DEC(__IBMCPP__/100)
-# define COMPILER_VERSION_MINOR DEC(__IBMCPP__/10 % 10)
-# define COMPILER_VERSION_PATCH DEC(__IBMCPP__    % 10)
+/* __IBMCPP__ = VRP */
+# define COMPILER_VERSION_MAJOR DEC(__IBMCPP__ / 100)
+# define COMPILER_VERSION_MINOR DEC(__IBMCPP__ / 10 % 10)
+# define COMPILER_VERSION_PATCH DEC(__IBMCPP__ % 10)
@@ -198,4 +198,4 @@
-  /* __IBMCPP__ = VRP */
-# define COMPILER_VERSION_MAJOR DEC(__IBMCPP__/100)
-# define COMPILER_VERSION_MINOR DEC(__IBMCPP__/10 % 10)
-# define COMPILER_VERSION_PATCH DEC(__IBMCPP__    % 10)
+/* __IBMCPP__ = VRP */
+# define COMPILER_VERSION_MAJOR DEC(__IBMCPP__ / 100)
+# define COMPILER_VERSION_MINOR DEC(__IBMCPP__ / 10 % 10)
+# define COMPILER_VERSION_PATCH DEC(__IBMCPP__ % 10)
@@ -226,4 +226,4 @@
-  /* __TI_COMPILER_VERSION__ = VVVRRRPPP */
-# define COMPILER_VERSION_MAJOR DEC(__TI_COMPILER_VERSION__/1000000)
-# define COMPILER_VERSION_MINOR DEC(__TI_COMPILER_VERSION__/1000   % 1000)
-# define COMPILER_VERSION_PATCH DEC(__TI_COMPILER_VERSION__        % 1000)
+/* __TI_COMPILER_VERSION__ = VVVRRRPPP */
+# define COMPILER_VERSION_MAJOR DEC(__TI_COMPILER_VERSION__ / 1000000)
+# define COMPILER_VERSION_MINOR DEC(__TI_COMPILER_VERSION__ / 1000 % 1000)
+# define COMPILER_VERSION_PATCH DEC(__TI_COMPILER_VERSION__ % 1000)
@@ -261 +261 @@
-# define COMPILER_VERSION_PATCH DEC(__GHS_VERSION_NUMBER      % 10)
+# define COMPILER_VERSION_PATCH DEC(__GHS_VERSION_NUMBER % 10)
@@ -270,4 +270,4 @@
-  /* __ARMCC_VERSION = VRRPPPP */
-  # define COMPILER_VERSION_MAJOR DEC(__ARMCC_VERSION/1000000)
-  # define COMPILER_VERSION_MINOR DEC(__ARMCC_VERSION/10000 % 100)
-  # define COMPILER_VERSION_PATCH DEC(__ARMCC_VERSION     % 10000)
+/* __ARMCC_VERSION = VRRPPPP */
+  # define COMPILER_VERSION_MAJOR DEC(__ARMCC_VERSION / 1000000)
+  # define COMPILER_VERSION_MINOR DEC(__ARMCC_VERSION / 10000 % 100)
+  # define COMPILER_VERSION_PATCH DEC(__ARMCC_VERSION % 10000)
@@ -275,4 +275,4 @@
-  /* __ARMCC_VERSION = VRPPPP */
-  # define COMPILER_VERSION_MAJOR DEC(__ARMCC_VERSION/100000)
-  # define COMPILER_VERSION_MINOR DEC(__ARMCC_VERSION/10000 % 10)
-  # define COMPILER_VERSION_PATCH DEC(__ARMCC_VERSION    % 10000)
+/* __ARMCC_VERSION = VRPPPP */
+  # define COMPILER_VERSION_MAJOR DEC(__ARMCC_VERSION / 100000)
+  # define COMPILER_VERSION_MINOR DEC(__ARMCC_VERSION / 10000 % 10)
+  # define COMPILER_VERSION_PATCH DEC(__ARMCC_VERSION % 10000)
@@ -291 +291 @@
-   /* _MSC_VER = VVRR */
+/* _MSC_VER = VVRR */
@@ -299,3 +299,3 @@
-  # define COMPILER_VERSION_MAJOR DEC(__ARMCOMPILER_VERSION/1000000)
-  # define COMPILER_VERSION_MINOR DEC(__ARMCOMPILER_VERSION/10000 % 100)
-  # define COMPILER_VERSION_PATCH DEC(__ARMCOMPILER_VERSION     % 10000)
+  # define COMPILER_VERSION_MAJOR DEC(__ARMCOMPILER_VERSION / 1000000)
+  # define COMPILER_VERSION_MINOR DEC(__ARMCOMPILER_VERSION / 10000 % 100)
+  # define COMPILER_VERSION_PATCH DEC(__ARMCOMPILER_VERSION % 10000)
@@ -313 +313 @@
-   /* _MSC_VER = VVRR */
+/* _MSC_VER = VVRR */
@@ -334 +334 @@
-  /* _MSC_VER = VVRR */
+/* _MSC_VER = VVRR */
@@ -339 +339 @@
-    /* _MSC_FULL_VER = VVRRPPPPP */
+/* _MSC_FULL_VER = VVRRPPPPP */
@@ -342 +342 @@
-    /* _MSC_FULL_VER = VVRRPPPP */
+/* _MSC_FULL_VER = VVRRPPPP */
@@ -350 +350,2 @@
-#elif defined(__VISUALDSPVERSION__) || defined(__ADSPBLACKFIN__) || defined(__ADSPTS__) || defined(__ADSP21000__)
+#elif defined(__VISUALDSPVERSION__) || defined(__ADSPBLACKFIN__) || defined(__ADSPTS__) || \
+  defined(__ADSP21000__)
@@ -353,4 +354,4 @@
-  /* __VISUALDSPVERSION__ = 0xVVRRPP00 */
-# define COMPILER_VERSION_MAJOR HEX(__VISUALDSPVERSION__&gt;&gt;24)
-# define COMPILER_VERSION_MINOR HEX(__VISUALDSPVERSION__&gt;&gt;16 &amp; 0xFF)
-# define COMPILER_VERSION_PATCH HEX(__VISUALDSPVERSION__&gt;&gt;8  &amp; 0xFF)
+/* __VISUALDSPVERSION__ = 0xVVRRPP00 */
+# define COMPILER_VERSION_MAJOR HEX(__VISUALDSPVERSION__ &gt;&gt; 24)
+# define COMPILER_VERSION_MINOR HEX(__VISUALDSPVERSION__ &gt;&gt; 16 &amp; 0xFF)
+# define COMPILER_VERSION_PATCH HEX(__VISUALDSPVERSION__ &gt;&gt; 8 &amp; 0xFF)
@@ -366 +367,3 @@
-# elif defined(__VER__) &amp;&amp; (defined(__ICCAVR__) || defined(__ICCRX__) || defined(__ICCRH850__) || defined(__ICCRL78__) || defined(__ICC430__) || defined(__ICCRISCV__) || defined(__ICCV850__) || defined(__ICC8051__) || defined(__ICCSTM8__))
+# elif defined(__VER__) &amp;&amp; (defined(__ICCAVR__) || defined(__ICCRX__) || defined(__ICCRH850__) || \
+  defined(__ICCRL78__) || defined(__ICC430__) || defined(__ICCRISCV__) || defined(__ICCV850__) || \
+  defined(__ICC8051__) || defined(__ICCSTM8__))
@@ -368 +371 @@
-#  define COMPILER_VERSION_MINOR DEC((__VER__) - (((__VER__) / 100)*100))
+#  define COMPILER_VERSION_MINOR DEC((__VER__) -(((__VER__) / 100) * 100))
@@ -388 +391 @@
-char const* info_compiler = "INFO" ":" "compiler[" COMPILER_ID "]";
+char const * info_compiler = "INFO" ":" "compiler[" COMPILER_ID "]";
@@ -390 +393 @@
-char const* info_simulate = "INFO" ":" "simulate[" SIMULATE_ID "]";
+char const * info_simulate = "INFO" ":" "simulate[" SIMULATE_ID "]";
@@ -394 +397 @@
-char const* qnxnto = "INFO" ":" "qnxnto[]";
+char const * qnxnto = "INFO" ":" "qnxnto[]";
@@ -398 +401 @@
-char const *info_cray = "INFO" ":" "compiler_wrapper[CrayPrgEnv]";
+char const * info_cray = "INFO" ":" "compiler_wrapper[CrayPrgEnv]";
@@ -641,9 +644,9 @@
-#define DEC(n)                   \
-  ('0' + (((n) / 10000000)%10)), \
-  ('0' + (((n) / 1000000)%10)),  \
-  ('0' + (((n) / 100000)%10)),   \
-  ('0' + (((n) / 10000)%10)),    \
-  ('0' + (((n) / 1000)%10)),     \
-  ('0' + (((n) / 100)%10)),      \
-  ('0' + (((n) / 10)%10)),       \
-  ('0' +  ((n) % 10))
+#define DEC(n) \
+  ('0' + (((n) / 10000000) % 10)), \
+  ('0' + (((n) / 1000000) % 10)), \
+  ('0' + (((n) / 100000) % 10)), \
+  ('0' + (((n) / 10000) % 10)), \
+  ('0' + (((n) / 1000) % 10)), \
+  ('0' + (((n) / 100) % 10)), \
+  ('0' + (((n) / 10) % 10)), \
+  ('0' + ((n) % 10))
@@ -652,9 +655,9 @@
-#define HEX(n)             \
-  ('0' + ((n)&gt;&gt;28 &amp; 0xF)), \
-  ('0' + ((n)&gt;&gt;24 &amp; 0xF)), \
-  ('0' + ((n)&gt;&gt;20 &amp; 0xF)), \
-  ('0' + ((n)&gt;&gt;16 &amp; 0xF)), \
-  ('0' + ((n)&gt;&gt;12 &amp; 0xF)), \
-  ('0' + ((n)&gt;&gt;8  &amp; 0xF)), \
-  ('0' + ((n)&gt;&gt;4  &amp; 0xF)), \
-  ('0' + ((n)     &amp; 0xF))
+#define HEX(n) \
+  ('0' + ((n) &gt;&gt; 28 &amp; 0xF)), \
+  ('0' + ((n) &gt;&gt; 24 &amp; 0xF)), \
+  ('0' + ((n) &gt;&gt; 20 &amp; 0xF)), \
+  ('0' + ((n) &gt;&gt; 16 &amp; 0xF)), \
+  ('0' + ((n) &gt;&gt; 12 &amp; 0xF)), \
+  ('0' + ((n) &gt;&gt; 8 &amp; 0xF)), \
+  ('0' + ((n) &gt;&gt; 4 &amp; 0xF)), \
+  ('0' + ((n) &amp; 0xF))
@@ -664 +667 @@
-char const* info_version = "INFO" ":" "compiler_version[" COMPILER_VERSION "]";
+char const * info_version = "INFO" ":" "compiler_version[" COMPILER_VERSION "]";
@@ -670 +673 @@
-  'c','o','m','p','i','l','e','r','_','v','e','r','s','i','o','n','[',
+  'c', 'o', 'm', 'p', 'i', 'l', 'e', 'r', '_', 'v', 'e', 'r', 's', 'i', 'o', 'n', '[',
@@ -675 +678 @@
-   '.', COMPILER_VERSION_PATCH,
+  '.', COMPILER_VERSION_PATCH,
@@ -677 +680 @@
-    '.', COMPILER_VERSION_TWEAK,
+  '.', COMPILER_VERSION_TWEAK,
@@ -681 +684 @@
-  ']','\0'};
+  ']', '\0'};
@@ -688,3 +691,3 @@
-  'c','o','m','p','i','l','e','r','_','v','e','r','s','i','o','n','_',
-  'i','n','t','e','r','n','a','l','[',
-  COMPILER_VERSION_INTERNAL,']','\0'};
+  'c', 'o', 'm', 'p', 'i', 'l', 'e', 'r', '_', 'v', 'e', 'r', 's', 'i', 'o', 'n', '_',
+  'i', 'n', 't', 'e', 'r', 'n', 'a', 'l', '[',
+  COMPILER_VERSION_INTERNAL, ']', '\0'};
@@ -692 +695,2 @@
-char const* info_version_internal = "INFO" ":" "compiler_version_internal[" COMPILER_VERSION_INTERNAL_STR "]";
+char const * info_version_internal =
+  "INFO" ":" "compiler_version_internal[" COMPILER_VERSION_INTERNAL_STR "]";
@@ -699 +703 @@
-  's','i','m','u','l','a','t','e','_','v','e','r','s','i','o','n','[',
+  's', 'i', 'm', 'u', 'l', 'a', 't', 'e', '_', 'v', 'e', 'r', 's', 'i', 'o', 'n', '[',
@@ -704 +708 @@
-   '.', SIMULATE_VERSION_PATCH,
+  '.', SIMULATE_VERSION_PATCH,
@@ -706 +710 @@
-    '.', SIMULATE_VERSION_TWEAK,
+  '.', SIMULATE_VERSION_TWEAK,
@@ -710 +714 @@
-  ']','\0'};
+  ']', '\0'};
@@ -717,3 +721,2 @@
-char const* info_platform = "INFO" ":" "platform[" PLATFORM_ID "]";
-char const* info_arch = "INFO" ":" "arch[" ARCHITECTURE_ID "]";
-
+char const * info_platform = "INFO" ":" "platform[" PLATFORM_ID "]";
+char const * info_arch = "INFO" ":" "arch[" ARCHITECTURE_ID "]";
@@ -738 +741 @@
-const char* info_language_standard_default = "INFO" ":" "standard_default["
+const char * info_language_standard_default = "INFO" ":" "standard_default["
@@ -752,3 +755,3 @@
-"]";
-
-const char* info_language_extensions_default = "INFO" ":" "extensions_default["
+  "]";
+
+const char * info_language_extensions_default = "INFO" ":" "extensions_default["
@@ -756,2 +759,2 @@
-#if (defined(__clang__) || defined(__GNUC__) ||                               \
-     defined(__TI_COMPILER_VERSION__)) &amp;&amp;                                     \
+#if (defined(__clang__) || defined(__GNUC__) || \
+  defined(__TI_COMPILER_VERSION__)) &amp;&amp; \
@@ -763 +766 @@
-"]";
+  "]";
@@ -767 +770 @@
-int main(int argc, char* argv[])
+int main(int argc, char * argv[])

2 files with code style divergence
-- run_test.py: return code 1
-- run_test.py: verify result file '/home/haniel/Projects/ROS-Mobile/Workspaces/test_package/build/test_package/test_results/test_package/uncrustify.xunit.xml'
</Value>
				</Measurement>
			</Results>
			<Labels>
				<Label>linter</Label>
				<Label>uncrustify</Label>
			</Labels>
		</Test>
		<Test Status="passed">
			<Name>xmllint</Name>
			<Path>.</Path>
			<FullName>./xmllint</FullName>
			<FullCommandLine>/usr/bin/python3 "-u" "/opt/ros/humble/share/ament_cmake_test/cmake/run_test.py" "/home/haniel/Projects/ROS-Mobile/Workspaces/test_package/build/test_package/test_results/test_package/xmllint.xunit.xml" "--package-name" "test_package" "--output-file" "/home/haniel/Projects/ROS-Mobile/Workspaces/test_package/build/test_package/ament_xmllint/xmllint.txt" "--command" "/opt/ros/humble/bin/ament_xmllint" "--xunit-file" "/home/haniel/Projects/ROS-Mobile/Workspaces/test_package/build/test_package/test_results/test_package/xmllint.xunit.xml"</FullCommandLine>
			<Results>
				<NamedMeasurement type="numeric/double" name="Execution Time">
					<Value>1.13848</Value>
				</NamedMeasurement>
				<NamedMeasurement type="numeric/double" name="Processors">
					<Value>1</Value>
				</NamedMeasurement>
				<NamedMeasurement type="text/string" name="Completion Status">
					<Value>Completed</Value>
				</NamedMeasurement>
				<NamedMeasurement type="text/string" name="Command Line">
					<Value>/usr/bin/python3 "-u" "/opt/ros/humble/share/ament_cmake_test/cmake/run_test.py" "/home/haniel/Projects/ROS-Mobile/Workspaces/test_package/build/test_package/test_results/test_package/xmllint.xunit.xml" "--package-name" "test_package" "--output-file" "/home/haniel/Projects/ROS-Mobile/Workspaces/test_package/build/test_package/ament_xmllint/xmllint.txt" "--command" "/opt/ros/humble/bin/ament_xmllint" "--xunit-file" "/home/haniel/Projects/ROS-Mobile/Workspaces/test_package/build/test_package/test_results/test_package/xmllint.xunit.xml"</Value>
				</NamedMeasurement>
				<NamedMeasurement type="text/string" name="Environment">
					<Value>#CTEST_RESOURCE_GROUP_COUNT=</Value>
				</NamedMeasurement>
				<Measurement>
					<Value>-- run_test.py: invoking following command in '/home/haniel/Projects/ROS-Mobile/Workspaces/test_package':
 - /opt/ros/humble/bin/ament_xmllint --xunit-file /home/haniel/Projects/ROS-Mobile/Workspaces/test_package/build/test_package/test_results/test_package/xmllint.xunit.xml
File 'package.xml' is valid

File 'build/test_package/test_results/test_package/cppcheck.xunit.xml' is valid

File 'build/test_package/test_results/test_package/lint_cmake.xunit.xml' is valid

File 'build/test_package/test_results/test_package/uncrustify.xunit.xml' is valid

File 'build/test_package/test_results/test_package/xmllint.xunit.xml' is valid

File 'install/test_package/share/test_package/package.xml' is valid

No problems found
-- run_test.py: return code 0
-- run_test.py: verify result file '/home/haniel/Projects/ROS-Mobile/Workspaces/test_package/build/test_package/test_results/test_package/xmllint.xunit.xml'
</Value>
				</Measurement>
			</Results>
			<Labels>
				<Label>linter</Label>
				<Label>xmllint</Label>
			</Labels>
		</Test>
		<EndDateTime>Apr 11 16:55 CST</EndDateTime>
		<EndTestTime>1744412115</EndTestTime>
		<ElapsedMinutes>0</ElapsedMinutes>
	</Testing>
</Site>
